2021-06-25 15:43:52,276 - instabot version: 0.117.0 (bot) - INFO - Instabot version: 0.117.0 Started
2021-06-25 15:43:52,277 - instabot version: 0.117.0 (bot) - DEBUG - Bot imported from C:\Users\Sir\AppData\Local\Programs\Python\Python39\lib\site-packages\instabot\bot\bot.py
2021-06-25 15:43:52,277 - instabot version: 0.117.0 (api_login) - INFO - Not yet logged in starting: PRE-LOGIN FLOW!
2021-06-25 15:43:53,129 - instabot version: 0.117.0 (api) - DEBUG - POST to endpoint: accounts/get_prefill_candidates/ returned response: <Response [200]>
2021-06-25 15:43:53,765 - instabot version: 0.117.0 (api) - DEBUG - POST to endpoint: qe/sync/ returned response: <Response [200]>
2021-06-25 15:43:54,406 - instabot version: 0.117.0 (api) - DEBUG - POST to endpoint: launcher/sync/ returned response: <Response [200]>
2021-06-25 15:43:55,048 - instabot version: 0.117.0 (api) - DEBUG - POST to endpoint: accounts/contact_point_prefill/ returned response: <Response [200]>
2021-06-25 15:43:59,527 - instabot version: 0.117.0 (api) - DEBUG - POST to endpoint: accounts/login/ returned response: <Response [200]>
2021-06-25 15:43:59,527 - instabot version: 0.117.0 (api) - INFO - Logged-in successfully as 'baakshhooodi'!
2021-06-25 15:43:59,528 - instabot version: 0.117.0 (api_login) - INFO - LOGIN FLOW! Just logged-in: True
2021-06-25 15:44:00,164 - instabot version: 0.117.0 (api) - DEBUG - POST to endpoint: qe/sync/ returned response: <Response [200]>
2021-06-25 15:44:01,131 - instabot version: 0.117.0 (api) - DEBUG - POST to endpoint: launcher/sync/ returned response: <Response [200]>
2021-06-25 15:44:01,765 - instabot version: 0.117.0 (api) - DEBUG - GET to endpoint: zr/token/result/?device_id=android-eeca1de3b4d005ab&token_hash=&custom_device_id=android-eeca1de3b4d005ab&fetch_reason=token_expired returned response: <Response [200]>
2021-06-25 15:44:02,409 - instabot version: 0.117.0 (api) - DEBUG - GET to endpoint: multiple_accounts/get_account_family/ returned response: <Response [200]>
2021-06-25 15:44:03,050 - instabot version: 0.117.0 (api) - DEBUG - POST to endpoint: qe/sync/ returned response: <Response [200]>
2021-06-25 15:44:04,326 - instabot version: 0.117.0 (api) - DEBUG - GET to endpoint: igtv/browse_feed/?prefetch=1 returned response: <Response [200]>
2021-06-25 15:44:04,962 - instabot version: 0.117.0 (api) - DEBUG - POST to endpoint: creatives/ar_class/ returned response: <Response [200]>
2021-06-25 15:44:06,573 - instabot version: 0.117.0 (api) - DEBUG - POST to endpoint: feed/reels_tray/ returned response: <Response [200]>
2021-06-25 15:44:13,281 - instabot version: 0.117.0 (api) - DEBUG - POST to endpoint: feed/timeline/ returned response: <Response [200]>
2021-06-25 15:44:13,845 - instabot version: 0.117.0 (api) - DEBUG - GET to endpoint: media/blocked/ returned response: <Response [200]>
2021-06-25 15:44:15,197 - instabot version: 0.117.0 (api) - DEBUG - GET to endpoint: news/inbox/ returned response: <Response [200]>
2021-06-25 15:44:15,721 - instabot version: 0.117.0 (api) - DEBUG - GET to endpoint: loom/fetch_config/ returned response: <Response [200]>
2021-06-25 15:44:24,574 - instabot version: 0.117.0 (api) - DEBUG - GET to endpoint: scores/bootstrap/users/?surfaces=["autocomplete_user_list","coefficient_besties_list_ranking","coefficient_rank_recipient_user_suggestion","coefficient_ios_section_test_bootstrap_ranking","coefficient_direct_recipients_ranking_variant_2"] returned response: <Response [200]>
2021-06-25 15:44:25,442 - instabot version: 0.117.0 (api) - DEBUG - GET to endpoint: business/eligibility/get_monetization_products_eligibility_data/?product_types=branded_content returned response: <Response [200]>
2021-06-25 15:44:26,044 - instabot version: 0.117.0 (api) - DEBUG - GET to endpoint: business/branded_content/should_require_professional_account/ returned response: <Response [200]>
2021-06-25 15:44:26,725 - instabot version: 0.117.0 (api) - DEBUG - GET to endpoint: linked_accounts/get_linkage_status/ returned response: <Response [200]>
2021-06-25 15:44:27,366 - instabot version: 0.117.0 (api) - DEBUG - GET to endpoint: locations/request_country/ returned response: <Response [200]>
2021-06-25 15:44:28,004 - instabot version: 0.117.0 (api) - DEBUG - GET to endpoint: qp/get_cooldowns/?signed_body=signed_body=4b9c516a5410a3bc128e09c6104a7f042146b9c2023870560c63a43a7f66781c.4&ig_sig_key_version=4&ig_sig_key_version=4 returned response: <Response [200]>
2021-06-25 15:44:28,644 - instabot version: 0.117.0 (api) - DEBUG - GET to endpoint: users/arlink_download_info/?version_override=2.2.1 returned response: <Response [200]>
2021-06-25 15:44:29,730 - instabot version: 0.117.0 (api) - DEBUG - GET to endpoint: users/7691135327/info/ returned response: <Response [200]>
2021-06-25 15:44:30,259 - instabot version: 0.117.0 (api) - DEBUG - GET to endpoint: direct_v2/get_presence/ returned response: <Response [200]>
2021-06-25 15:44:31,938 - instabot version: 0.117.0 (api) - DEBUG - GET to endpoint: direct_v2/inbox/?visual_message_return_type=unseen&thread_message_limit=10&persistentBadging=true&limit=20 returned response: <Response [200]>
2021-06-25 15:44:32,805 - instabot version: 0.117.0 (api) - DEBUG - GET to endpoint: direct_v2/inbox/?visual_message_return_type=unseen&persistentBadging=true&limit=0 returned response: <Response [200]>
2021-06-25 15:44:36,012 - instabot version: 0.117.0 (api) - DEBUG - GET to endpoint: discover/topical_explore/?is_prefetch=true&omit_cover_media=true&use_sectional_payload=true&timezone_offset=0&session_id=cf050ed7-fc9c-4e06-bcb2-06dc92aa6745&include_fixed_destinations=true returned response: <Response [200]>
2021-06-25 15:44:36,644 - instabot version: 0.117.0 (api) - DEBUG - POST to endpoint: notifications/badge/ returned response: <Response [200]>
2021-06-25 15:44:37,289 - instabot version: 0.117.0 (api) - DEBUG - POST to endpoint: qp/batch_fetch/ returned response: <Response [200]>
2021-06-25 15:44:37,338 - instabot version: 0.117.0 (bot_checkpoint) - DEBUG - Loading Checkpoint file from: D:\python\new py\HarryDjango\myEsite/config/baakshhooodi.checkpoint
2021-06-25 15:44:38,565 - instabot version: 0.117.0 (api) - DEBUG - GET to endpoint: users/7691135327/info/ returned response: <Response [200]>
2021-06-25 15:44:42,285 - instabot version: 0.117.0 (api) - DEBUG - GET to endpoint: friendships/7691135327/following/?max_id=&ig_sig_key_version=4&rank_token=7691135327_cff00264-cfd1-4a18-9a05-4d5786788865 returned response: <Response [200]>
2021-06-25 15:44:43,705 - instabot version: 0.117.0 (api) - DEBUG - GET to endpoint: users/7691135327/info/ returned response: <Response [200]>
2021-06-25 15:44:44,656 - instabot version: 0.117.0 (api) - DEBUG - GET to endpoint: friendships/7691135327/followers/?rank_token=7691135327_cff00264-cfd1-4a18-9a05-4d5786788865 returned response: <Response [200]>
2021-06-25 15:44:45,611 - instabot version: 0.117.0 (api) - DEBUG - GET to endpoint: friendships/7691135327/followers/?rank_token=7691135327_cff00264-cfd1-4a18-9a05-4d5786788865&max_id=QVFESXNFakV5UEJaeGp0dkxTRVg5NWF5cWlLRU03UHJBd0FNU3FFcjBPV1d3dVNOYTl0bHVyYnVyd29TRFJwQnNWM1BqV1FkNjk0TzRpbFlLUVduWXY0Uw== returned response: <Response [200]>
2021-06-25 15:44:46,569 - instabot version: 0.117.0 (api) - DEBUG - GET to endpoint: friendships/7691135327/followers/?rank_token=7691135327_cff00264-cfd1-4a18-9a05-4d5786788865&max_id=QVFDU28wUE1aNjFMY3pCQjhjcWZfb0MyTGNlSWFMc1JtZ0pBU0JDbEdUazRNLUh3YWFZNDJ0c2t1ZjM0Ymdnd2k1STgwSXhyQnVlMFpqakNsaktJQzFacQ== returned response: <Response [200]>
2021-06-25 15:44:47,527 - instabot version: 0.117.0 (api) - DEBUG - GET to endpoint: friendships/7691135327/followers/?rank_token=7691135327_cff00264-cfd1-4a18-9a05-4d5786788865&max_id=QVFCV2F3bFpjZm1jRUktMFk3N21pZ0MtY3BYQnBXWW92QnlvUjJmR3V2ak1HWkhuZ3pfcHRiRXdPZDhWZ29JTUtIZjdnWHVoYk5XYzlKYkNQQndwWWxFeQ== returned response: <Response [200]>
2021-06-25 15:44:48,495 - instabot version: 0.117.0 (api) - DEBUG - GET to endpoint: friendships/7691135327/followers/?rank_token=7691135327_cff00264-cfd1-4a18-9a05-4d5786788865&max_id=QVFBQ0Y1OVNKd3IzMmFOUHIxcHM3a1AwbWpoeG5WUVhTWm9mYllCWWZ5bTQ1c1d4VmxmeU1fZkxGVHJ2bDJIMklNYUw1VnY3QTdIa1VSTFN6ME9WM0hfSQ== returned response: <Response [200]>
2021-06-25 15:44:49,113 - instabot version: 0.117.0 (api) - DEBUG - GET to endpoint: friendships/7691135327/followers/?rank_token=7691135327_cff00264-cfd1-4a18-9a05-4d5786788865&max_id=QVFER0RVYUJabUh1bHh0SnB0V2QwZjlNa0F4SF9wbGdXclRVSlpsMllvdTUwdnFteEY5bmYtZGpwOWFiYzc3a0dTblZLT1F5Y3cwdk9PbkU5ckhjQVJ5VA== returned response: <Response [200]>
2021-06-25 15:44:49,769 - instabot version: 0.117.0 (api) - DEBUG - GET to endpoint: friendships/7691135327/followers/?rank_token=7691135327_cff00264-cfd1-4a18-9a05-4d5786788865&max_id=QVFCell4ZDdUZGFKOUFvMjJPRzVXZlc5ZS1pR2ZsYXcyMy0zbzVXLU1EQlVabThQTE5NQzJwLW0wYTVPV29JOE9FWWNMcVI4V0RMeEVObXZneVZrdHpoRA== returned response: <Response [200]>
2021-06-25 15:44:50,407 - instabot version: 0.117.0 (api) - DEBUG - GET to endpoint: friendships/7691135327/followers/?rank_token=7691135327_cff00264-cfd1-4a18-9a05-4d5786788865&max_id=QVFCTGZSdkxNa1JNQ21Hd3lWNjJEZTJFWFZDWjhyUDF6LU1UR3o3Z2tNZzA0ZDkyTExtMHlfcVloeXB0ODRJWGttdzBEVE12NjNNdkM5elJHSzllUG9oUg== returned response: <Response [200]>
2021-06-25 15:44:51,049 - instabot version: 0.117.0 (api) - DEBUG - GET to endpoint: friendships/7691135327/followers/?rank_token=7691135327_cff00264-cfd1-4a18-9a05-4d5786788865&max_id=QVFDUVR0ZGdOTFdyN1BhWWIyakV5RGQyckkwb1hVSUh5dkN0c2JJOHFrZHYwNjlVQzNfb3E3UURaUzQ4TndNVGotWm5rcHdOUUZoUmFPZ0pfLUdzZFJTdQ== returned response: <Response [200]>
2021-06-25 15:44:52,014 - instabot version: 0.117.0 (api) - DEBUG - GET to endpoint: friendships/7691135327/followers/?rank_token=7691135327_cff00264-cfd1-4a18-9a05-4d5786788865&max_id=QVFEbUpLZzJkR3V4U1hoQUJWV3RuZWhadkI1VzVYZTE0RUU1UWt5N245NWctclY5aU9jQWlBLUJmNXFXTDFYYUJDN0FxbE5oUEt3SUFqV1JucGFicHZFSw== returned response: <Response [200]>
2021-06-25 15:44:52,965 - instabot version: 0.117.0 (api) - DEBUG - GET to endpoint: friendships/7691135327/followers/?rank_token=7691135327_cff00264-cfd1-4a18-9a05-4d5786788865&max_id=QVFBanR2SEhhUTUzeEZLYVVmXzNCYnZUQmNxajBsUnhBNFl6Mnpjc01CYnlMWkVxUEQ4a2NFVXQwdWthdFFMSXJzOWNMMXdVejJvb3RyTV9wdEJ0SEJDbg== returned response: <Response [200]>
2021-06-25 15:44:53,623 - instabot version: 0.117.0 (api) - DEBUG - GET to endpoint: friendships/7691135327/followers/?rank_token=7691135327_cff00264-cfd1-4a18-9a05-4d5786788865&max_id=QVFCZmhSMTV4TmRuQ0lPRldkY0R3ZlR4TmtjUEFzdDUtVFVycldGNzk2VEJyUkxPeTV4ZkJLVVVmVFZTQmJXcmFuNXNFQlNmRGZqTFI3RlR5dVo0SVBlQg== returned response: <Response [200]>
2021-06-25 15:44:54,568 - instabot version: 0.117.0 (api) - DEBUG - GET to endpoint: friendships/7691135327/followers/?rank_token=7691135327_cff00264-cfd1-4a18-9a05-4d5786788865&max_id=QVFCWkdVR1A5eGRSUmszYm5JV1RBTUwyMGhRYVI0MGVOeUxrQTNOemYtUVBaMDFOdmUtSEZnYkJ2YmJVV1J1WS1JM3lOUTJBVUxyeFhEWkdCcmVjeGpaRA== returned response: <Response [200]>
2021-06-25 15:44:55,956 - instabot version: 0.117.0 (api) - DEBUG - GET to endpoint: friendships/7691135327/followers/?rank_token=7691135327_cff00264-cfd1-4a18-9a05-4d5786788865&max_id=QVFBUldOMjRuazZvdlRLYjZZN3BmSzhZa0VQOWtYTlpWT21BU0J3QzZaSl9qUXEzbHdKdW52WmhLRUZmclBGT2s4SUhDdlZwMUxvZ1E3eVFvczRkV0ZuNQ== returned response: <Response [200]>
2021-06-25 15:44:56,807 - instabot version: 0.117.0 (api) - DEBUG - GET to endpoint: friendships/7691135327/followers/?rank_token=7691135327_cff00264-cfd1-4a18-9a05-4d5786788865&max_id=QVFBV2tJOHpVbFRSWFJqOTFXXzhKSnJhb1ZENXVvcGhVLS1iMEZQUThrOVJxSG13WHB0SjQ2Ykt5eXhTYXViYURzZmJmRmJkZlpBSjZTRV9BUmdQWUtkRg== returned response: <Response [200]>
2021-06-25 15:44:57,447 - instabot version: 0.117.0 (api) - DEBUG - GET to endpoint: friendships/7691135327/followers/?rank_token=7691135327_cff00264-cfd1-4a18-9a05-4d5786788865&max_id=QVFCc3JMaVdtcmdMZmZ3aVdETkZjeGEteFBKOF9Jd3FnVERUSDhOQ0hJOTJsbGZfdEVxazVSS0dIMm5IWW1Od3RYUzBsTzlFZUtLdFd2Q0IxZUVxN3lXMg== returned response: <Response [200]>
2021-06-25 15:44:58,087 - instabot version: 0.117.0 (api) - DEBUG - GET to endpoint: friendships/7691135327/followers/?rank_token=7691135327_cff00264-cfd1-4a18-9a05-4d5786788865&max_id=QVFDRjBrUHFJZTlzNmVBakFjdGYybXhzVDRjbGRldFNrajdNenhNczIzRVpENjN1QS0wangyeGV2Y2VzcjBzenkxaU0wNm9yNkNlTkxFTzlpSG1fVWw4ZA== returned response: <Response [200]>
2021-06-25 15:44:59,055 - instabot version: 0.117.0 (api) - DEBUG - GET to endpoint: friendships/7691135327/followers/?rank_token=7691135327_cff00264-cfd1-4a18-9a05-4d5786788865&max_id=QVFDWnF5TE1RYTNjTTFXMkRWa2JNMGJoYmlEbGpYU3pPQ1FfRVlSTVpobVBnWGtnTk9QRUVzRWdjVkFkRXVuODJFUmtSS29yUHVSSHdqTFZoV3JOSEZwSQ== returned response: <Response [200]>
2021-06-25 15:45:00,010 - instabot version: 0.117.0 (api) - DEBUG - GET to endpoint: friendships/7691135327/followers/?rank_token=7691135327_cff00264-cfd1-4a18-9a05-4d5786788865&max_id=QVFCZE9hdk9oc0hwTDFQQWszWEhVOE54eEVWaXR2TU1EWGN4Zm1LREFqcTBOMzAxRzFLMUJ5TzlPRnQyRmFXUHp3RTBFc3NvWkU1YjlVdFJxWlh5UF9XeA== returned response: <Response [200]>
2021-06-25 15:45:00,634 - instabot version: 0.117.0 (api) - DEBUG - GET to endpoint: friendships/7691135327/followers/?rank_token=7691135327_cff00264-cfd1-4a18-9a05-4d5786788865&max_id=QVFCZzRGejU3VEtXODc4a0I1aEZYRUozczhoMHlyVXhSeVljYmZPbWxCYkhmNno3a2hJNkZwOGJSbkV5YkxBN20yZkFvQnhKWTFreWFHOXVwNUp3a0Rwdg== returned response: <Response [200]>
2021-06-25 15:45:01,285 - instabot version: 0.117.0 (api) - DEBUG - GET to endpoint: friendships/7691135327/followers/?rank_token=7691135327_cff00264-cfd1-4a18-9a05-4d5786788865&max_id=QVFCcEJIalktOUVqUVZSOVI1aXpSWmlTWTZLOW12YlhqWTFYTnhFSjlMUWRTWlNPRjNFNzQzVXhROTEzYUk0QngzSUZFSEZKdzV1dElwS1pGa1JMaXN4dg== returned response: <Response [200]>
2021-06-25 15:45:01,876 - instabot version: 0.117.0 (api) - DEBUG - GET to endpoint: friendships/7691135327/followers/?rank_token=7691135327_cff00264-cfd1-4a18-9a05-4d5786788865&max_id=QVFEOFhWcTRrT1ZXTDJKMmdYZVhxUEFYWHMyX2M0R2toTm05N2NqenhSYkNnTVdVNlIxOUhlT3NLcXhKR3drVVdNZGJqQUJZWlU3ajRzcWprUm8tbzFXSg== returned response: <Response [200]>
2021-06-25 15:45:02,570 - instabot version: 0.117.0 (api) - DEBUG - GET to endpoint: friendships/7691135327/followers/?rank_token=7691135327_cff00264-cfd1-4a18-9a05-4d5786788865&max_id=QVFEamxtT1Q2Slh5RjlzTU1KYW44V0tocjFFemdLZTVJZnJZQXphcXlVMmRZUkFaX0djRHRZMGUtX2NJSkJkbkpIU0w1TndNLWlMdUw5LTNOR3VhVnFjaQ== returned response: <Response [200]>
2021-06-25 15:45:03,530 - instabot version: 0.117.0 (api) - DEBUG - GET to endpoint: friendships/7691135327/followers/?rank_token=7691135327_cff00264-cfd1-4a18-9a05-4d5786788865&max_id=QVFCbDZyb25JaGlxN3RCeGhvZW51U2FKVE90ZUsycTJJekVvOFRsaGN5cEpyRlY1NndYYThhdnp3dkRObHJYOWVPMmJYS1Y4TEQyQ0kxVkVoTlRaS0RJVQ== returned response: <Response [200]>
2021-06-25 15:45:04,482 - instabot version: 0.117.0 (api) - DEBUG - GET to endpoint: friendships/7691135327/followers/?rank_token=7691135327_cff00264-cfd1-4a18-9a05-4d5786788865&max_id=QVFCeWxoN0VIcDVJSVpDSE5OdDVYaVVYRkhUY015SWdSLUxLaFptcEN5SW5VR1lLUk91d3VfQ1hxcnBzY2FHT1RQeXRna0JaRktEdmF3THBFSnlQc2N6dA== returned response: <Response [200]>
2021-06-25 15:45:06,198 - instabot version: 0.117.0 (api) - DEBUG - GET to endpoint: friendships/7691135327/followers/?rank_token=7691135327_cff00264-cfd1-4a18-9a05-4d5786788865&max_id=QVFEd3NWamltakRnWFR5RWRzb3VnRVAzSDQzTHo5RHlfN2JnZzBfcWh6OG1sckxZMjRCUkpnZlJMOV9YQjZPVEc4SXUyTGhxZWVNY1lJcmw0eXZVNXN6ZA== returned response: <Response [200]>
2021-06-25 15:45:07,050 - instabot version: 0.117.0 (api) - DEBUG - GET to endpoint: friendships/7691135327/followers/?rank_token=7691135327_cff00264-cfd1-4a18-9a05-4d5786788865&max_id=QVFEYUpGbXBaOUkzenRIT0dmMzl0ZnNSMlAwekluX1FxdFdGNVloam80TWpyQWZBYWRNMExzTnQydHdNNGU0aEQwWmthRlczeDZBUEJndmhkdkNvWTBncQ== returned response: <Response [200]>
2021-06-25 15:45:07,708 - instabot version: 0.117.0 (api) - DEBUG - GET to endpoint: friendships/7691135327/followers/?rank_token=7691135327_cff00264-cfd1-4a18-9a05-4d5786788865&max_id=QVFDY3lGR2JWT05kd1ZGWDNXcWI0MHBZSzgyT3cyZkdSXzBKMGtxV0N4bmRMLWNNTTc1TFZHd1FyMFB0MWxabktyNmFBY3JKSDF1TWc3Wl8xdldSbkF0NQ== returned response: <Response [200]>
2021-06-25 15:45:08,649 - instabot version: 0.117.0 (api) - DEBUG - GET to endpoint: friendships/7691135327/followers/?rank_token=7691135327_cff00264-cfd1-4a18-9a05-4d5786788865&max_id=QVFBM0ZQaTlfaUdOTmxEWFBXeDF6UE92dkIwVVJONHpvdE91cHRocUZCY3lhbG5GT0Nfc3E4aUlYRWt5MG5HNHZhYmVhNkRkZGw3Nnh1bUxXQnNkdU9JQQ== returned response: <Response [200]>
2021-06-25 15:45:09,253 - instabot version: 0.117.0 (api) - DEBUG - GET to endpoint: friendships/7691135327/followers/?rank_token=7691135327_cff00264-cfd1-4a18-9a05-4d5786788865&max_id=QVFEMnBzc20teUhCLUh2ZzZRemp0WVZlY2E0R2pmbFZuQkFTTVV0R0E2UFZKaFVpX3huc3RaMGtGZHp6Rl9QcjB0bHI4dV8zdzkxa1c2WG10TXJPLXRacQ== returned response: <Response [200]>
2021-06-25 15:45:09,931 - instabot version: 0.117.0 (api) - DEBUG - GET to endpoint: friendships/7691135327/followers/?rank_token=7691135327_cff00264-cfd1-4a18-9a05-4d5786788865&max_id=QVFDLVNoMjN2c25tQ2REVWlQT2o5OUQ4dGo3YXY0aklIZkRoejhmWGZPQmJiRmpnRWdkZ1VzZTY0Mm5OUnZIUy15YVRGaDRhVVB6TnJyTnFMOTcyanlaMQ== returned response: <Response [200]>
2021-06-25 15:45:11,319 - instabot version: 0.117.0 (api) - DEBUG - GET to endpoint: friendships/7691135327/followers/?rank_token=7691135327_cff00264-cfd1-4a18-9a05-4d5786788865&max_id=QVFCdUxoNE03QldoamdscHprQW1wb3NZRkxZVm82T2ItMkZBN2w5ckFkRGFfY0ktSVJVODltN1VETDE2QlpHRjllSm4zYmNZSW1mZ0M2MTZUN1p0RFp5eQ== returned response: <Response [200]>
2021-06-25 15:45:12,168 - instabot version: 0.117.0 (api) - DEBUG - GET to endpoint: friendships/7691135327/followers/?rank_token=7691135327_cff00264-cfd1-4a18-9a05-4d5786788865&max_id=QVFEQmw5OVI1aTBSLWFYeEZxUmRJNXpxbFhlTnl5TW1YSGFHNWR4UUNSUy1YUlBRWVI4eUtIa2g1NXJrZXFFR2hLdno4NGhvblowNWpjWGs2b05Bd0hYSQ== returned response: <Response [200]>
2021-06-25 15:45:12,810 - instabot version: 0.117.0 (api) - DEBUG - GET to endpoint: friendships/7691135327/followers/?rank_token=7691135327_cff00264-cfd1-4a18-9a05-4d5786788865&max_id=QVFCa2JUSFZUMkNPTjRkMnYyN3Y2cWVJTVlPMng2SDBPNjFxR2RSTXBPNkVYMDhmNHJzUkpCQU9WbnVZQmJrRzRGMXU1c0V0bTBKdWVJengta3JjbmFhNw== returned response: <Response [200]>
2021-06-25 15:45:13,771 - instabot version: 0.117.0 (api) - DEBUG - GET to endpoint: friendships/7691135327/followers/?rank_token=7691135327_cff00264-cfd1-4a18-9a05-4d5786788865&max_id=QVFDR3dHbERZMDNIUHgyVkVnRGVKQWNjZEc4dnFUV25IZnppQm1PMGFaWHhQcGMwRUFXbllBT3dLTm1OQ3NmNzI4Q3NIQ01yRjkwSjRVNmZna2RrY21QTw== returned response: <Response [200]>
2021-06-25 15:45:14,609 - instabot version: 0.117.0 (api) - DEBUG - GET to endpoint: friendships/7691135327/followers/?rank_token=7691135327_cff00264-cfd1-4a18-9a05-4d5786788865&max_id=QVFEcHUyb3o4Nkp1bW9zZkdQdVpsNDc1ZHY0dVJ5MXFRb1M0NS05dGxTMDdvSzBnUGR3bmhwTlVETlRYMWZBYUgydEREcHRHSDdveFZHY19XSmJRSWhTeQ== returned response: <Response [200]>
2021-06-25 15:45:15,371 - instabot version: 0.117.0 (api) - DEBUG - GET to endpoint: friendships/7691135327/followers/?rank_token=7691135327_cff00264-cfd1-4a18-9a05-4d5786788865&max_id=QVFCV1NZa1hLbVpnbU5iT3d0WGNZODN6S1dNaW5vVGhEcjM3U3pDcl9pOWxCVDhhSUROeFV5eGx2WHRXbzF5OHhqdHozeE1BSDJpbWU4RUJGT1Rfa0IxMw== returned response: <Response [200]>
2021-06-25 15:45:16,330 - instabot version: 0.117.0 (api) - DEBUG - GET to endpoint: friendships/7691135327/followers/?rank_token=7691135327_cff00264-cfd1-4a18-9a05-4d5786788865&max_id=QVFBWFphOTZlZVUzU3dHOFUtZHVDRnRFSmt4SFFnNzFGbVNkNWRSb2NnNHFxYm9Dc0VrcDBJQjZrb3ZnNVpXRlIycWJLUlRhbWZFVVlGLWhYaEh6U2U4eg== returned response: <Response [200]>
2021-06-25 15:45:17,293 - instabot version: 0.117.0 (api) - DEBUG - GET to endpoint: friendships/7691135327/followers/?rank_token=7691135327_cff00264-cfd1-4a18-9a05-4d5786788865&max_id=QVFBQXF4YlNIbHhBcmFPYWZWWnhCY0pZX2VmR1JVUnJ1bEpUdDNIY3g3cVl4Y2laMklHSnJMbXJCTlNyOFhjNWRtNmcyVUhQS1NTeTNpYUVuVGpzbjdPdw== returned response: <Response [200]>
2021-06-25 15:45:18,255 - instabot version: 0.117.0 (api) - DEBUG - GET to endpoint: friendships/7691135327/followers/?rank_token=7691135327_cff00264-cfd1-4a18-9a05-4d5786788865&max_id=QVFBQ2s2M2FYa01iYzFsUzVqY290SHdFUjZNYUlqQmZJYVZUeTRkRW56ZjgyUzdadHlSYzIwQ0RMQTBDR3NneW5qUzdOdGxaOHVTTklycjNVdUxsbURoNw== returned response: <Response [200]>
2021-06-25 15:45:19,209 - instabot version: 0.117.0 (api) - DEBUG - GET to endpoint: friendships/7691135327/followers/?rank_token=7691135327_cff00264-cfd1-4a18-9a05-4d5786788865&max_id=QVFBTVVNNGZWYnhyX0U4aGd0eml2X0hyY2F4V2wxUUpIR2VzQ1E2Z2EtR3phdllKeVZNUnY5bllnOXl5Z2ZDQnQ4aVZGUXlxQ0VWSHJBVldYZGUwZFFmNg== returned response: <Response [200]>
2021-06-25 15:45:20,167 - instabot version: 0.117.0 (api) - DEBUG - GET to endpoint: friendships/7691135327/followers/?rank_token=7691135327_cff00264-cfd1-4a18-9a05-4d5786788865&max_id=QVFBSTRiQ0FIVmN6SUU0MXVyQXdDbkJYWGxKeU8yaGZjWG8zVDVkUXNTdVlOQmRrc3dKYTNXbUZYLTNYVE45MHdUa0pfVzkycTlVeEtSdXNCaE5zNVh2bg== returned response: <Response [200]>
2021-06-25 15:45:20,810 - instabot version: 0.117.0 (api) - DEBUG - GET to endpoint: friendships/7691135327/followers/?rank_token=7691135327_cff00264-cfd1-4a18-9a05-4d5786788865&max_id=QVFCYm1vaEtUNDByR21ob0xKUFdaMXVOVjdvUjFXVGs3YnBabjRKVTA5UXR3aHU0S0E0ZXY0YnM1TDd2aERFcE1DczhjVHRvWUYtY0VQUEFvay1ac1lxYQ== returned response: <Response [200]>
2021-06-25 15:45:21,783 - instabot version: 0.117.0 (api) - DEBUG - GET to endpoint: friendships/7691135327/followers/?rank_token=7691135327_cff00264-cfd1-4a18-9a05-4d5786788865&max_id=QVFCOVUtVHZIc0J5d2lpQ1FYaU9CUHBRVktVOWhQLTd5djVoU2p2cGItT2U5UkhiOU5oM0RsWFQ3OElYLWQ0RDM3aXNnUWt0UFdreFRqZzl0ZEVaNHJjOQ== returned response: <Response [200]>
2021-06-25 15:45:22,730 - instabot version: 0.117.0 (api) - DEBUG - GET to endpoint: friendships/7691135327/followers/?rank_token=7691135327_cff00264-cfd1-4a18-9a05-4d5786788865&max_id=QVFEbnlPQ09MeHhHVEFYdGpZMXhBWDBJT0hFNWN6NDNSTGtjdTB6ZlMzdzg4SHJrZDZzd2pDb0dEMTZHNWxlN3lJbDhvRXI5VVNQRDkxQXE0VlNlSU5tMQ== returned response: <Response [200]>
2021-06-25 15:45:23,693 - instabot version: 0.117.0 (api) - DEBUG - GET to endpoint: friendships/7691135327/followers/?rank_token=7691135327_cff00264-cfd1-4a18-9a05-4d5786788865&max_id=QVFDYmY1amtFcGtESlFic25KWDI2UWk4OHhyVlVDdnB2bzBXRnBrVWh3RC16MDF5WVhPWjh2NW91R1lZOW1KNDVDMnRlQWtpNFdHN0FMdFFLMVhMMGVvMw== returned response: <Response [200]>
2021-06-25 15:45:24,967 - instabot version: 0.117.0 (api) - DEBUG - GET to endpoint: friendships/7691135327/followers/?rank_token=7691135327_cff00264-cfd1-4a18-9a05-4d5786788865&max_id=QVFBdXBYc1J1V1FTXzNYaDNObnE2eEIta092Q1ZRcnNwWFU0bkRzeDdjNElpbjItVEpIbm5RVjgtd1dNeG5QWjJ6OUY4VlFwM2todnhwUWtlM0hCUUJrZA== returned response: <Response [200]>
2021-06-25 15:45:25,609 - instabot version: 0.117.0 (api) - DEBUG - GET to endpoint: friendships/7691135327/followers/?rank_token=7691135327_cff00264-cfd1-4a18-9a05-4d5786788865&max_id=QVFDQXdxZkY4RE8zZVNsUFJvekxkZHl3MGwzS3Q4UlMzR0dOM2dfTGgyalFwZTVySHpJaVBmZkhEaUdsNTlMcGtPNGNaYzNROEZWRXFwV3lnalQ5c2l0cg== returned response: <Response [200]>
2021-06-25 15:45:26,228 - instabot version: 0.117.0 (api) - DEBUG - GET to endpoint: friendships/7691135327/followers/?rank_token=7691135327_cff00264-cfd1-4a18-9a05-4d5786788865&max_id=QVFBRHdDSExkbVdVNDZnWEljT2VZeS1qenlibGlRaUk0YlMtajdfNlNKb1p1MkpvYjdKMDkxWnlJc1Z2bkc5SzhnRjBNcVlHMEZHRGcxMjVWbEZ0NUlsNQ== returned response: <Response [200]>
2021-06-25 15:45:26,887 - instabot version: 0.117.0 (api) - DEBUG - GET to endpoint: users/7338712160/info/ returned response: <Response [200]>
2021-06-25 15:45:26,887 - instabot version: 0.117.0 (bot_unfollow) - INFO - Going to unfollow `user_id` 7338712160 with username suhail_ahmad001.
2021-06-25 15:45:29,766 - instabot version: 0.117.0 (api) - DEBUG - POST to endpoint: friendships/destroy/7338712160/ returned response: <Response [200]>
2021-06-25 15:45:29,767 - instabot version: 0.117.0 (bot_unfollow) - INFO - Unfollowed `user_id` 7338712160 with username suhail_ahmad001
2021-06-25 15:45:39,688 - instabot version: 0.117.0 (api) - DEBUG - GET to endpoint: users/8081427342/info/ returned response: <Response [200]>
2021-06-25 15:45:39,689 - instabot version: 0.117.0 (bot_unfollow) - INFO - Going to unfollow `user_id` 8081427342 with username om57850.
2021-06-25 15:47:25,288 - instabot version: 0.117.0 (api) - DEBUG - POST to endpoint: friendships/destroy/8081427342/ returned response: <Response [200]>
2021-06-25 15:47:25,288 - instabot version: 0.117.0 (bot_unfollow) - INFO - Unfollowed `user_id` 8081427342 with username om57850
2021-06-25 15:47:34,587 - instabot version: 0.117.0 (api) - DEBUG - GET to endpoint: users/3691945870/info/ returned response: <Response [200]>
2021-06-25 15:47:34,588 - instabot version: 0.117.0 (bot_unfollow) - INFO - Going to unfollow `user_id` 3691945870 with username hamid.89070.
